<?xml version="1.0" encoding="UTF-8"?>
<!-- Generated by org.testng.reporters.JUnitXMLReporter -->
<testsuite ignored="0" hostname="DESKTOP-E75UD99" failures="1" tests="1" name="Command line test" time="0.032" errors="0" timestamp="2024-04-17T17:30:22 CDT">
  <testcase classname="webstorerestaurant.com.tests.HomePageTest" name="validateAllTitlesHaveTheKeyWord" time="0.0">
    <failure type="org.testng.TestNGException" message="
Parameter &amp;apos;searchValue&amp;apos; is required by @Test on method validateAllTitlesHaveTheKeyWord but has not been marked @Optional or defined
">
      <![CDATA[org.testng.TestNGException: 
Parameter 'searchValue' is required by @Test on method validateAllTitlesHaveTheKeyWord but has not been marked @Optional or defined

at java.base/java.util.ArrayList.forEach(ArrayList.java:1511)
... Removed 36 stack frames]]>
    </failure>
  </testcase> <!-- validateAllTitlesHaveTheKeyWord -->
</testsuite> <!-- Command line test -->
